Arguments: 
  C:\Program Files\nodejs\node.exe C:\Users\M1075814\AppData\Roaming\npm\node_modules\yarn\bin\yarn.js add gatsby-source-custom-api

PATH: 
  C:\Python311\Scripts\;C:\Python311\;C:\Python310\Scripts\;C:\Python310\;C:\Windows\system32;C:\Windows;C:\Windows\System32\Wbem;C:\Windows\System32\WindowsPowerShell\v1.0\;C:\Windows\System32\OpenSSH\;C:\Program Files\WindowsPowerShell\Scripts;C:\ProgramData\chocolatey\bin;C:\Program Files\dotnet\;C:\Program Files\Microsoft SQL Server\130\Tools\Binn\;C:\Program Files\Microsoft SQL Server\Client SDK\ODBC\170\Tools\Binn\;C:\Program Files (x86)\Microsoft SQL Server\150\Tools\Binn\;C:\Program Files\Microsoft SQL Server\150\Tools\Binn\;C:\Program Files\Microsoft SQL Server\150\DTS\Binn\;C:\Program Files (x86)\Microsoft SQL Server\150\DTS\Binn\;C:\Program Files\Azure Data Studio\bin;C:\Program Files\Microsoft\Web Platform Installer\;C:\Program Files\ServiceNow\agent-client-collector\bin;C:\Program Files\ServiceNow\agent-client-collector\embedded\bin;C:\Program Files\Git\cmd;C:\Program Files\Redis\;C:\Program Files\Amazon\AWSCLIV2\;C:\Users\M1075814\AppData\Roaming\nvm;C:\Program Files\nodejs;C:\Users\M1075814\AppData\Local\Microsoft\WindowsApps;C:\Users\M1075814\AppData\Local\Programs\Microsoft VS Code\bin;C:\Users\M1075814\.dotnet\tools;C:\Program Files\Java\jdk-9.0.4+11\bin;C:\Users\M1075814\AppData\Roaming\npm;C:\Users\M1075814\AppData\Local\Programs\oh-my-posh\bin

Yarn version: 
  1.22.19

Node version: 
  18.12.1

Platform: 
  win32 x64

Trace: 
  Error: https://reece-694955555685.d.codeartifact.us-east-1.amazonaws.com/npm/reece-ecomm/gatsby: Unauthenticated: request did not include an Authorization header. Please provide your credentials.
      at params.callback [as _callback] (C:\Users\M1075814\AppData\Roaming\npm\node_modules\yarn\lib\cli.js:66145:18)
      at self.callback (C:\Users\M1075814\AppData\Roaming\npm\node_modules\yarn\lib\cli.js:140890:22)
      at Request.emit (node:events:513:28)
      at Request.<anonymous> (C:\Users\M1075814\AppData\Roaming\npm\node_modules\yarn\lib\cli.js:141862:10)
      at Request.emit (node:events:513:28)
      at Gunzip.<anonymous> (C:\Users\M1075814\AppData\Roaming\npm\node_modules\yarn\lib\cli.js:141784:12)
      at Object.onceWrapper (node:events:627:28)
      at Gunzip.emit (node:events:513:28)
      at endReadableNT (node:internal/streams/readable:1359:12)
      at process.processTicksAndRejections (node:internal/process/task_queues:82:21)

npm manifest: 
  {
    "name": "gatsby-starter-hello-world",
    "private": true,
    "description": "A simplified bare-bones starter for Gatsby",
    "version": "0.1.0",
    "license": "0BSD",
    "scripts": {
      "build": "gatsby build",
      "develop": "gatsby develop",
      "start": "gatsby develop",
      "serve": "gatsby serve",
      "clean": "gatsby clean",
      "test": "echo \"Write tests! -> https://gatsby.dev/unit-testing\" && exit 1"
    },
    "dependencies": {
      "gatsby": "^5.8.1",
      "gatsby-image": "^3.11.0",
      "gatsby-plugin-gatsby-cloud": "^5.10.0",
      "gatsby-plugin-image": "^3.10.0",
      "gatsby-plugin-redirect-to": "^1.0.2",
      "gatsby-plugin-sharp": "^5.9.0",
      "gatsby-source-contentful": "^8.10.0",
      "gatsby-source-filesystem": "^5.9.0",
      "gatsby-transformer-remark": "^6.9.0",
      "gatsby-transformer-sharp": "^5.9.0",
      "react": "^18.2.0",
      "react-dom": "^18.2.0"
    },
    "repository": {
      "type": "git",
      "url": "https://github.com/gatsbyjs/gatsby-starter-hello-world"
    },
    "bugs": {
      "url": "https://github.com/gatsbyjs/gatsby/issues"
    }
  }

yarn manifest: 
  No manifest

Lockfile: 
  No lockfile
